2013/09/16 11:42:19 [error] [php] fopen(): Filename cannot be empty (/Users/ramin/Server/blog/protected/widgets/CounterWidget.php:22)
Stack trace:
#0 /Users/ramin/Server/yii/web/CBaseController.php(172): SiteController->createWidget()
#1 /Users/ramin/Server/blog/protected/views/site/index.php(9): SiteController->widget()
#2 /Users/ramin/Server/yii/web/CBaseController.php(126): require()
#3 /Users/ramin/Server/yii/web/CBaseController.php(95): SiteController->renderInternal()
#4 /Users/ramin/Server/yii/web/CController.php(869): SiteController->renderFile()
#5 /Users/ramin/Server/yii/web/CController.php(782): SiteController->renderPartial()
#6 /Users/ramin/Server/blog/protected/controllers/SiteController.php(42): SiteController->render()
#7 /Users/ramin/Server/yii/web/actions/CInlineAction.php(49): SiteController->actionIndex()
#8 /Users/ramin/Server/yii/web/CController.php(308): CInlineAction->runWithParams()
#9 /Users/ramin/Server/yii/web/filters/CFilterChain.php(133): SiteController->runAction()
#10 /Users/ramin/Server/yii/web/filters/CFilter.php(40): CFilterChain->run()
#11 /Users/ramin/Server/yii/web/filters/CFilterChain.php(130): AccessLogFilter->filter()
#12 /Users/ramin/Server/yii/web/CController.php(291): CFilterChain->run()
#13 /Users/ramin/Server/yii/web/CController.php(265): SiteController->runActionWithFilters()
#14 /Users/ramin/Server/yii/web/CWebApplication.php(282): SiteController->run()
#15 /Users/ramin/Server/yii/web/CWebApplication.php(141): CWebApplication->runController()
#16 /Users/ramin/Server/yii/base/CApplication.php(180): CWebApplication->processRequest()
#17 /Users/ramin/Server/blog/index.php(13): CWebApplication->run()
REQUEST_URI=/
in /Users/ramin/Server/blog/protected/widgets/CounterWidget.php (22)
in /Users/ramin/Server/blog/protected/views/site/index.php (9)
in /Users/ramin/Server/blog/protected/controllers/SiteController.php (42)
2013/09/16 11:43:14 [error] [php] fopen(/Users/ramin/Server/blog/logCounter.txt): failed to open stream: No such file or directory (/Users/ramin/Server/blog/protected/widgets/CounterWidget.php:22)
Stack trace:
#0 /Users/ramin/Server/yii/web/CBaseController.php(172): SiteController->createWidget()
#1 /Users/ramin/Server/blog/protected/views/site/index.php(9): SiteController->widget()
#2 /Users/ramin/Server/yii/web/CBaseController.php(126): require()
#3 /Users/ramin/Server/yii/web/CBaseController.php(95): SiteController->renderInternal()
#4 /Users/ramin/Server/yii/web/CController.php(869): SiteController->renderFile()
#5 /Users/ramin/Server/yii/web/CController.php(782): SiteController->renderPartial()
#6 /Users/ramin/Server/blog/protected/controllers/SiteController.php(42): SiteController->render()
#7 /Users/ramin/Server/yii/web/actions/CInlineAction.php(49): SiteController->actionIndex()
#8 /Users/ramin/Server/yii/web/CController.php(308): CInlineAction->runWithParams()
#9 /Users/ramin/Server/yii/web/filters/CFilterChain.php(133): SiteController->runAction()
#10 /Users/ramin/Server/yii/web/filters/CFilter.php(40): CFilterChain->run()
#11 /Users/ramin/Server/yii/web/filters/CFilterChain.php(130): AccessLogFilter->filter()
#12 /Users/ramin/Server/yii/web/CController.php(291): CFilterChain->run()
#13 /Users/ramin/Server/yii/web/CController.php(265): SiteController->runActionWithFilters()
#14 /Users/ramin/Server/yii/web/CWebApplication.php(282): SiteController->run()
#15 /Users/ramin/Server/yii/web/CWebApplication.php(141): CWebApplication->runController()
#16 /Users/ramin/Server/yii/base/CApplication.php(180): CWebApplication->processRequest()
#17 /Users/ramin/Server/blog/index.php(13): CWebApplication->run()
REQUEST_URI=/
in /Users/ramin/Server/blog/protected/widgets/CounterWidget.php (22)
in /Users/ramin/Server/blog/protected/views/site/index.php (9)
in /Users/ramin/Server/blog/protected/controllers/SiteController.php (42)
